<?xml version="1.0" encoding="UTF-8"?>
<testsuite name="J:/3. automation testing/day39---Selenium full ui elements testing/Assignment1 Answers/vwologin/src/test/java/com/vwo/VWOPlatform.java"
           tests="2"
           failures="0"
           errors="0"
           skipped="0"
           time="14.884">
    <properties></properties>



            <testcase
                name="loginCrdentialsInValid1"
                time="11.691"
                classname="com.vwo.VWOPlatform">
            </testcase>
            <testcase
                name="loginCrdentialsInValid2"
                time="3.193"
                classname="com.vwo.VWOPlatform">
            </testcase>
</testsuite>
